<?xml version="1.0" encoding="UTF-8"?>
<!-- Generated by org.testng.reporters.JUnitReportReporter -->
<testsuite hostname="Dell-PC" failures="0" tests="1" name="Com.Qa.CreateProject.NewProject" time="60.048" errors="0" timestamp="2020-10-16T21:21:19 IST" skipped="0">
  <testcase classname="Com.Qa.CreateProject.NewProject" name="New_Project" time="60.048"/>
</testsuite> <!-- Com.Qa.CreateProject.NewProject -->
