<?xml version="1.0" encoding="UTF-8"?>
<!-- Generated by org.testng.reporters.JUnitReportReporter -->
<testsuite hostname="Dell-PC" failures="0" tests="1" name="Com.Qa.RegistrationPage.RegistrationPage_Test" time="62.953" errors="0" timestamp="2020-10-16T15:48:59 IST" skipped="0">
  <testcase classname="Com.Qa.RegistrationPage.RegistrationPage_Test" name="Registration_Page_Test" time="62.953"/>
</testsuite> <!-- Com.Qa.RegistrationPage.RegistrationPage_Test -->
